/home/siddhant2021565/miniconda3/envs/COMPARE/lib/python3.10/site-packages/gym/utils/passive_env_checker.py:233: DeprecationWarning: `np.bool8` is a deprecated alias for `np.bool_`.  (Deprecated NumPy 1.24)
  if not isinstance(terminated, (bool, np.bool8)):
============================================================================================
Device set to : NVIDIA GeForce RTX 3090
============================================================================================
============================================================================================
training environment name : Ant-v4
current logging run number for Ant-v4 :  8
logging at : PPO_logs/Ant-v4//PPO_Ant-v4_log_8.csv
save checkpoint path : PPO_preTrained/Ant-v4/PPO_Ant-v4_0_0.pth
--------------------------------------------------------------------------------------------
max training timesteps :  10000000
max timesteps per episode :  1000
model saving frequency : 100000 timesteps
log frequency : 2000 timesteps
printing average reward over episodes in last : 10000 timesteps
--------------------------------------------------------------------------------------------
state space dimension :  27
action space dimension :  8
--------------------------------------------------------------------------------------------
Initializing a continuous action space policy
--------------------------------------------------------------------------------------------
starting std of action distribution :  0.1
decay rate of std of action distribution :  0.05
minimum std of action distribution :  0.1
decay frequency of std of action distribution : 250000 timesteps
--------------------------------------------------------------------------------------------
PPO update frequency : 4000 timesteps
PPO K epochs :  80
PPO epsilon clip :  0.2
discount factor (gamma) :  0.99
--------------------------------------------------------------------------------------------
optimizer learning rate actor :  0.0003
optimizer learning rate critic :  0.001
============================================================================================
Started training at (GMT) :  2023-12-12 21:13:32
============================================================================================
Episode : 9 		 Timestep : 10000 		 Average Reward : 868.95
Episode : 19 		 Timestep : 20000 		 Average Reward : 814.04
Episode : 29 		 Timestep : 30000 		 Average Reward : 776.19
Episode : 39 		 Timestep : 40000 		 Average Reward : 858.76
Episode : 49 		 Timestep : 50000 		 Average Reward : 852.65
Episode : 59 		 Timestep : 60000 		 Average Reward : 818.6
Episode : 69 		 Timestep : 70000 		 Average Reward : 842.12
Episode : 79 		 Timestep : 80000 		 Average Reward : 846.94
Episode : 89 		 Timestep : 90000 		 Average Reward : 890.83
Episode : 99 		 Timestep : 100000 		 Average Reward : 903.69
--------------------------------------------------------------------------------------------
saving model at : PPO_preTrained/Ant-v4/PPO_Ant-v4_0_0.pth
model saved
Elapsed Time  :  0:02:57
--------------------------------------------------------------------------------------------
Episode : 109 		 Timestep : 110000 		 Average Reward : 912.04
Episode : 119 		 Timestep : 120000 		 Average Reward : 853.81
Episode : 129 		 Timestep : 130000 		 Average Reward : 883.44
Episode : 140 		 Timestep : 140000 		 Average Reward : 832.43
Episode : 150 		 Timestep : 150000 		 Average Reward : 876.08
Episode : 160 		 Timestep : 160000 		 Average Reward : 894.13
Episode : 170 		 Timestep : 170000 		 Average Reward : 882.75
Episode : 180 		 Timestep : 180000 		 Average Reward : 889.37
Episode : 190 		 Timestep : 190000 		 Average Reward : 876.29
Episode : 200 		 Timestep : 200000 		 Average Reward : 878.66
--------------------------------------------------------------------------------------------
saving model at : PPO_preTrained/Ant-v4/PPO_Ant-v4_0_0.pth
model saved
Elapsed Time  :  0:05:52
--------------------------------------------------------------------------------------------
Episode : 210 		 Timestep : 210000 		 Average Reward : 898.77
Episode : 220 		 Timestep : 220000 		 Average Reward : 888.52
Episode : 230 		 Timestep : 230000 		 Average Reward : 836.94
Episode : 240 		 Timestep : 240000 		 Average Reward : 875.4
--------------------------------------------------------------------------------------------
setting actor output action_std to min_action_std :  0.1
--------------------------------------------------------------------------------------------
Episode : 250 		 Timestep : 250000 		 Average Reward : 851.56
Episode : 260 		 Timestep : 260000 		 Average Reward : 890.68
Episode : 270 		 Timestep : 270000 		 Average Reward : 883.84
Episode : 280 		 Timestep : 280000 		 Average Reward : 882.86
Episode : 290 		 Timestep : 290000 		 Average Reward : 899.33
Episode : 301 		 Timestep : 300000 		 Average Reward : 812.87
--------------------------------------------------------------------------------------------
saving model at : PPO_preTrained/Ant-v4/PPO_Ant-v4_0_0.pth
model saved
Elapsed Time  :  0:08:48
--------------------------------------------------------------------------------------------
Episode : 311 		 Timestep : 310000 		 Average Reward : 876.61
Episode : 321 		 Timestep : 320000 		 Average Reward : 880.09
Episode : 332 		 Timestep : 330000 		 Average Reward : 870.24
Episode : 342 		 Timestep : 340000 		 Average Reward : 909.33
Episode : 352 		 Timestep : 350000 		 Average Reward : 900.56
Episode : 362 		 Timestep : 360000 		 Average Reward : 925.21
Episode : 373 		 Timestep : 370000 		 Average Reward : 871.19
Episode : 383 		 Timestep : 380000 		 Average Reward : 915.99
Episode : 393 		 Timestep : 390000 		 Average Reward : 896.63
Episode : 405 		 Timestep : 400000 		 Average Reward : 843.02
--------------------------------------------------------------------------------------------
saving model at : PPO_preTrained/Ant-v4/PPO_Ant-v4_0_0.pth
model saved
Elapsed Time  :  0:11:43
--------------------------------------------------------------------------------------------
Episode : 415 		 Timestep : 410000 		 Average Reward : 969.35
Episode : 425 		 Timestep : 420000 		 Average Reward : 937.34
Episode : 435 		 Timestep : 430000 		 Average Reward : 892.22
Episode : 446 		 Timestep : 440000 		 Average Reward : 879.37
Episode : 456 		 Timestep : 450000 		 Average Reward : 896.12
Episode : 468 		 Timestep : 460000 		 Average Reward : 767.07
Episode : 480 		 Timestep : 470000 		 Average Reward : 805.69
Episode : 491 		 Timestep : 480000 		 Average Reward : 853.03
Episode : 501 		 Timestep : 490000 		 Average Reward : 888.17
--------------------------------------------------------------------------------------------
setting actor output action_std to min_action_std :  0.1
--------------------------------------------------------------------------------------------
Episode : 511 		 Timestep : 500000 		 Average Reward : 929.73
--------------------------------------------------------------------------------------------
saving model at : PPO_preTrained/Ant-v4/PPO_Ant-v4_0_0.pth
model saved
Elapsed Time  :  0:14:38
--------------------------------------------------------------------------------------------
Episode : 522 		 Timestep : 510000 		 Average Reward : 827.26
Episode : 533 		 Timestep : 520000 		 Average Reward : 907.29
Episode : 543 		 Timestep : 530000 		 Average Reward : 982.12
Episode : 553 		 Timestep : 540000 		 Average Reward : 973.77
Episode : 564 		 Timestep : 550000 		 Average Reward : 885.93
Episode : 574 		 Timestep : 560000 		 Average Reward : 977.26
Episode : 584 		 Timestep : 570000 		 Average Reward : 975.54
Episode : 594 		 Timestep : 580000 		 Average Reward : 929.94
Episode : 605 		 Timestep : 590000 		 Average Reward : 874.75
Episode : 615 		 Timestep : 600000 		 Average Reward : 957.04
--------------------------------------------------------------------------------------------
saving model at : PPO_preTrained/Ant-v4/PPO_Ant-v4_0_0.pth
model saved
Elapsed Time  :  0:17:33
--------------------------------------------------------------------------------------------
Episode : 627 		 Timestep : 610000 		 Average Reward : 830.96
Episode : 638 		 Timestep : 620000 		 Average Reward : 989.35
Episode : 650 		 Timestep : 630000 		 Average Reward : 810.11
Episode : 661 		 Timestep : 640000 		 Average Reward : 966.19
Episode : 674 		 Timestep : 650000 		 Average Reward : 806.67
